CRITICAL - 2024-02-27 21:06:23 --> Invalid file: header.php
#0 C:\xampp\htdocs\ukk_darrell\system\View\View.php(198): CodeIgniter\Exceptions\FrameworkException::forInvalidFile('header.php')
#1 C:\xampp\htdocs\ukk_darrell\system\Common.php(1089): CodeIgniter\View\View->render('header', Array, true)
#2 C:\xampp\htdocs\ukk_darrell\app\Controllers\Home.php(9): view('header')
#3 C:\xampp\htdocs\ukk_darrell\system\CodeIgniter.php(832): App\Controllers\Home->index()
#4 C:\xampp\htdocs\ukk_darrell\system\CodeIgniter.php(419): CodeIgniter\CodeIgniter->runController(Object(App\Controllers\Home))
#5 C:\xampp\htdocs\ukk_darrell\system\CodeIgniter.php(326): CodeIgniter\CodeIgniter->handleRequest(NULL, Object(Config\Cache), false)
#6 C:\xampp\htdocs\ukk_darrell\public\index.php(37): CodeIgniter\CodeIgniter->run()
#7 C:\xampp\htdocs\ukk_darrell\system\Commands\Server\rewrite.php(43): require_once('C:\\xampp\\htdocs...')
#8 {main}
CRITICAL - 2024-02-27 21:06:23 --> Invalid file: header.php
#0 C:\xampp\htdocs\ukk_darrell\system\View\View.php(198): CodeIgniter\Exceptions\FrameworkException::forInvalidFile('header.php')
#1 C:\xampp\htdocs\ukk_darrell\system\Common.php(1089): CodeIgniter\View\View->render('header', Array, true)
#2 C:\xampp\htdocs\ukk_darrell\app\Controllers\Home.php(9): view('header')
#3 C:\xampp\htdocs\ukk_darrell\system\CodeIgniter.php(832): App\Controllers\Home->index()
#4 C:\xampp\htdocs\ukk_darrell\system\CodeIgniter.php(419): CodeIgniter\CodeIgniter->runController(Object(App\Controllers\Home))
#5 C:\xampp\htdocs\ukk_darrell\system\CodeIgniter.php(326): CodeIgniter\CodeIgniter->handleRequest(NULL, Object(Config\Cache), false)
#6 C:\xampp\htdocs\ukk_darrell\public\index.php(37): CodeIgniter\CodeIgniter->run()
#7 C:\xampp\htdocs\ukk_darrell\system\Commands\Server\rewrite.php(43): require_once('C:\\xampp\\htdocs...')
#8 {main}
CRITICAL - 2024-02-27 21:07:05 --> Invalid file: header.php
#0 C:\xampp\htdocs\ukk_darrell\system\View\View.php(198): CodeIgniter\Exceptions\FrameworkException::forInvalidFile('header.php')
#1 C:\xampp\htdocs\ukk_darrell\system\Common.php(1089): CodeIgniter\View\View->render('header', Array, true)
#2 C:\xampp\htdocs\ukk_darrell\app\Controllers\Home.php(9): view('header')
#3 C:\xampp\htdocs\ukk_darrell\system\CodeIgniter.php(832): App\Controllers\Home->index()
#4 C:\xampp\htdocs\ukk_darrell\system\CodeIgniter.php(419): CodeIgniter\CodeIgniter->runController(Object(App\Controllers\Home))
#5 C:\xampp\htdocs\ukk_darrell\system\CodeIgniter.php(326): CodeIgniter\CodeIgniter->handleRequest(NULL, Object(Config\Cache), false)
#6 C:\xampp\htdocs\ukk_darrell\public\index.php(37): CodeIgniter\CodeIgniter->run()
#7 C:\xampp\htdocs\ukk_darrell\system\Commands\Server\rewrite.php(43): require_once('C:\\xampp\\htdocs...')
#8 {main}
CRITICAL - 2024-02-27 21:07:13 --> Invalid file: header.php
#0 C:\xampp\htdocs\ukk_darrell\system\View\View.php(198): CodeIgniter\Exceptions\FrameworkException::forInvalidFile('header.php')
#1 C:\xampp\htdocs\ukk_darrell\system\Common.php(1089): CodeIgniter\View\View->render('header', Array, true)
#2 C:\xampp\htdocs\ukk_darrell\app\Controllers\Home.php(9): view('header')
#3 C:\xampp\htdocs\ukk_darrell\system\CodeIgniter.php(832): App\Controllers\Home->index()
#4 C:\xampp\htdocs\ukk_darrell\system\CodeIgniter.php(419): CodeIgniter\CodeIgniter->runController(Object(App\Controllers\Home))
#5 C:\xampp\htdocs\ukk_darrell\system\CodeIgniter.php(326): CodeIgniter\CodeIgniter->handleRequest(NULL, Object(Config\Cache), false)
#6 C:\xampp\htdocs\ukk_darrell\public\index.php(37): CodeIgniter\CodeIgniter->run()
#7 C:\xampp\htdocs\ukk_darrell\system\Commands\Server\rewrite.php(43): require_once('C:\\xampp\\htdocs...')
#8 {main}
CRITICAL - 2024-02-27 21:07:56 --> Invalid file: header.php
#0 C:\xampp\htdocs\ukk_darrell\system\View\View.php(198): CodeIgniter\Exceptions\FrameworkException::forInvalidFile('header.php')
#1 C:\xampp\htdocs\ukk_darrell\system\Common.php(1089): CodeIgniter\View\View->render('header', Array, true)
#2 C:\xampp\htdocs\ukk_darrell\app\Controllers\Home.php(9): view('header')
#3 C:\xampp\htdocs\ukk_darrell\system\CodeIgniter.php(832): App\Controllers\Home->index()
#4 C:\xampp\htdocs\ukk_darrell\system\CodeIgniter.php(419): CodeIgniter\CodeIgniter->runController(Object(App\Controllers\Home))
#5 C:\xampp\htdocs\ukk_darrell\system\CodeIgniter.php(326): CodeIgniter\CodeIgniter->handleRequest(NULL, Object(Config\Cache), false)
#6 C:\xampp\htdocs\ukk_darrell\public\index.php(37): CodeIgniter\CodeIgniter->run()
#7 C:\xampp\htdocs\ukk_darrell\system\Commands\Server\rewrite.php(43): require_once('C:\\xampp\\htdocs...')
#8 {main}
CRITICAL - 2024-02-27 21:33:48 --> Invalid file: hopeui/partial/header.php
#0 C:\xampp\htdocs\ukk_darrell\system\View\View.php(198): CodeIgniter\Exceptions\FrameworkException::forInvalidFile('hopeui/partial/...')
#1 C:\xampp\htdocs\ukk_darrell\system\Common.php(1089): CodeIgniter\View\View->render('hopeui/partial/...', Array, true)
#2 C:\xampp\htdocs\ukk_darrell\app\Controllers\Pelanggan.php(17): view('hopeui/partial/...', Array)
#3 C:\xampp\htdocs\ukk_darrell\system\CodeIgniter.php(832): App\Controllers\Pelanggan->index()
#4 C:\xampp\htdocs\ukk_darrell\system\CodeIgniter.php(419): CodeIgniter\CodeIgniter->runController(Object(App\Controllers\Pelanggan))
#5 C:\xampp\htdocs\ukk_darrell\system\CodeIgniter.php(326): CodeIgniter\CodeIgniter->handleRequest(NULL, Object(Config\Cache), false)
#6 C:\xampp\htdocs\ukk_darrell\public\index.php(37): CodeIgniter\CodeIgniter->run()
#7 C:\xampp\htdocs\ukk_darrell\system\Commands\Server\rewrite.php(43): require_once('C:\\xampp\\htdocs...')
#8 {main}
CRITICAL - 2024-02-27 21:34:13 --> Invalid file: partial/header.php
#0 C:\xampp\htdocs\ukk_darrell\system\View\View.php(198): CodeIgniter\Exceptions\FrameworkException::forInvalidFile('partial/header....')
#1 C:\xampp\htdocs\ukk_darrell\system\Common.php(1089): CodeIgniter\View\View->render('partial/header', Array, true)
#2 C:\xampp\htdocs\ukk_darrell\app\Controllers\Pelanggan.php(17): view('partial/header', Array)
#3 C:\xampp\htdocs\ukk_darrell\system\CodeIgniter.php(832): App\Controllers\Pelanggan->index()
#4 C:\xampp\htdocs\ukk_darrell\system\CodeIgniter.php(419): CodeIgniter\CodeIgniter->runController(Object(App\Controllers\Pelanggan))
#5 C:\xampp\htdocs\ukk_darrell\system\CodeIgniter.php(326): CodeIgniter\CodeIgniter->handleRequest(NULL, Object(Config\Cache), false)
#6 C:\xampp\htdocs\ukk_darrell\public\index.php(37): CodeIgniter\CodeIgniter->run()
#7 C:\xampp\htdocs\ukk_darrell\system\Commands\Server\rewrite.php(43): require_once('C:\\xampp\\htdocs...')
#8 {main}
CRITICAL - 2024-02-27 21:47:02 --> Invalid file: hopeui/partial/header.php
#0 C:\xampp\htdocs\ukk_darrell\system\View\View.php(198): CodeIgniter\Exceptions\FrameworkException::forInvalidFile('hopeui/partial/...')
#1 C:\xampp\htdocs\ukk_darrell\system\Common.php(1089): CodeIgniter\View\View->render('hopeui/partial/...', Array, true)
#2 C:\xampp\htdocs\ukk_darrell\app\Controllers\Kasir.php(26): view('hopeui/partial/...', Array)
#3 C:\xampp\htdocs\ukk_darrell\system\CodeIgniter.php(832): App\Controllers\Kasir->index()
#4 C:\xampp\htdocs\ukk_darrell\system\CodeIgniter.php(419): CodeIgniter\CodeIgniter->runController(Object(App\Controllers\Kasir))
#5 C:\xampp\htdocs\ukk_darrell\system\CodeIgniter.php(326): CodeIgniter\CodeIgniter->handleRequest(NULL, Object(Config\Cache), false)
#6 C:\xampp\htdocs\ukk_darrell\public\index.php(37): CodeIgniter\CodeIgniter->run()
#7 C:\xampp\htdocs\ukk_darrell\system\Commands\Server\rewrite.php(43): require_once('C:\\xampp\\htdocs...')
#8 {main}
CRITICAL - 2024-02-27 21:50:37 --> Invalid file: partial/footer.php
#0 C:\xampp\htdocs\ukk_darrell\system\View\View.php(198): CodeIgniter\Exceptions\FrameworkException::forInvalidFile('partial/footer....')
#1 C:\xampp\htdocs\ukk_darrell\system\Common.php(1089): CodeIgniter\View\View->render('partial/footer', Array, true)
#2 C:\xampp\htdocs\ukk_darrell\app\Controllers\Kasir.php(30): view('partial/footer')
#3 C:\xampp\htdocs\ukk_darrell\system\CodeIgniter.php(832): App\Controllers\Kasir->index()
#4 C:\xampp\htdocs\ukk_darrell\system\CodeIgniter.php(419): CodeIgniter\CodeIgniter->runController(Object(App\Controllers\Kasir))
#5 C:\xampp\htdocs\ukk_darrell\system\CodeIgniter.php(326): CodeIgniter\CodeIgniter->handleRequest(NULL, Object(Config\Cache), false)
#6 C:\xampp\htdocs\ukk_darrell\public\index.php(37): CodeIgniter\CodeIgniter->run()
#7 C:\xampp\htdocs\ukk_darrell\system\Commands\Server\rewrite.php(43): require_once('C:\\xampp\\htdocs...')
#8 {main}
CRITICAL - 2024-02-27 21:57:04 --> Invalid file: partial/footer.php
#0 C:\xampp\htdocs\ukk_darrell\system\View\View.php(198): CodeIgniter\Exceptions\FrameworkException::forInvalidFile('partial/footer....')
#1 C:\xampp\htdocs\ukk_darrell\system\Common.php(1089): CodeIgniter\View\View->render('partial/footer', Array, true)
#2 C:\xampp\htdocs\ukk_darrell\app\Controllers\Penjualan.php(29): view('partial/footer')
#3 C:\xampp\htdocs\ukk_darrell\system\CodeIgniter.php(832): App\Controllers\Penjualan->index()
#4 C:\xampp\htdocs\ukk_darrell\system\CodeIgniter.php(419): CodeIgniter\CodeIgniter->runController(Object(App\Controllers\Penjualan))
#5 C:\xampp\htdocs\ukk_darrell\system\CodeIgniter.php(326): CodeIgniter\CodeIgniter->handleRequest(NULL, Object(Config\Cache), false)
#6 C:\xampp\htdocs\ukk_darrell\public\index.php(37): CodeIgniter\CodeIgniter->run()
#7 C:\xampp\htdocs\ukk_darrell\system\Commands\Server\rewrite.php(43): require_once('C:\\xampp\\htdocs...')
#8 {main}
CRITICAL - 2024-02-27 21:57:08 --> Invalid file: partial/footer.php
#0 C:\xampp\htdocs\ukk_darrell\system\View\View.php(198): CodeIgniter\Exceptions\FrameworkException::forInvalidFile('partial/footer....')
#1 C:\xampp\htdocs\ukk_darrell\system\Common.php(1089): CodeIgniter\View\View->render('partial/footer', Array, true)
#2 C:\xampp\htdocs\ukk_darrell\app\Controllers\Penjualan.php(29): view('partial/footer')
#3 C:\xampp\htdocs\ukk_darrell\system\CodeIgniter.php(832): App\Controllers\Penjualan->index()
#4 C:\xampp\htdocs\ukk_darrell\system\CodeIgniter.php(419): CodeIgniter\CodeIgniter->runController(Object(App\Controllers\Penjualan))
#5 C:\xampp\htdocs\ukk_darrell\system\CodeIgniter.php(326): CodeIgniter\CodeIgniter->handleRequest(NULL, Object(Config\Cache), false)
#6 C:\xampp\htdocs\ukk_darrell\public\index.php(37): CodeIgniter\CodeIgniter->run()
#7 C:\xampp\htdocs\ukk_darrell\system\Commands\Server\rewrite.php(43): require_once('C:\\xampp\\htdocs...')
#8 {main}
CRITICAL - 2024-02-27 22:04:11 --> Invalid file: partial/footer_print.php
#0 C:\xampp\htdocs\ukk_darrell\system\View\View.php(198): CodeIgniter\Exceptions\FrameworkException::forInvalidFile('partial/footer_...')
#1 C:\xampp\htdocs\ukk_darrell\system\Common.php(1089): CodeIgniter\View\View->render('partial/footer_...', Array, true)
#2 C:\xampp\htdocs\ukk_darrell\app\Controllers\Kasir.php(136): view('partial/footer_...')
#3 C:\xampp\htdocs\ukk_darrell\system\CodeIgniter.php(832): App\Controllers\Kasir->cetak_invoice('5')
#4 C:\xampp\htdocs\ukk_darrell\system\CodeIgniter.php(419): CodeIgniter\CodeIgniter->runController(Object(App\Controllers\Kasir))
#5 C:\xampp\htdocs\ukk_darrell\system\CodeIgniter.php(326): CodeIgniter\CodeIgniter->handleRequest(NULL, Object(Config\Cache), false)
#6 C:\xampp\htdocs\ukk_darrell\public\index.php(37): CodeIgniter\CodeIgniter->run()
#7 C:\xampp\htdocs\ukk_darrell\system\Commands\Server\rewrite.php(43): require_once('C:\\xampp\\htdocs...')
#8 {main}
CRITICAL - 2024-02-27 22:15:19 --> Namespace declaration statement has to be the very first statement or after any declare call in the script
#0 [internal function]: CodeIgniter\Debug\Exceptions->shutdownHandler()
#1 {main}
ERROR - 2024-02-27 22:40:58 --> Unknown column 'favicon_websites' in 'field list'
CRITICAL - 2024-02-27 22:40:58 --> Call to a member function getRow() on bool
#0 C:\xampp\htdocs\ukk_darrell\system\View\View.php(210): include()
#1 C:\xampp\htdocs\ukk_darrell\system\View\View.php(213): CodeIgniter\View\View->CodeIgniter\View\{closure}()
#2 C:\xampp\htdocs\ukk_darrell\system\Common.php(1089): CodeIgniter\View\View->render('partial/header_...', Array, true)
#3 C:\xampp\htdocs\ukk_darrell\app\Controllers\Data_website.php(19): view('partial/header_...', Array)
#4 C:\xampp\htdocs\ukk_darrell\system\CodeIgniter.php(832): App\Controllers\Data_website->index()
#5 C:\xampp\htdocs\ukk_darrell\system\CodeIgniter.php(419): CodeIgniter\CodeIgniter->runController(Object(App\Controllers\Data_website))
#6 C:\xampp\htdocs\ukk_darrell\system\CodeIgniter.php(326): CodeIgniter\CodeIgniter->handleRequest(NULL, Object(Config\Cache), false)
#7 C:\xampp\htdocs\ukk_darrell\public\index.php(37): CodeIgniter\CodeIgniter->run()
#8 C:\xampp\htdocs\ukk_darrell\system\Commands\Server\rewrite.php(43): require_once('C:\\xampp\\htdocs...')
#9 {main}
ERROR - 2024-02-27 22:41:32 --> Unknown column 'favicon_websites' in 'field list'
CRITICAL - 2024-02-27 22:41:32 --> Call to a member function getRow() on bool
#0 C:\xampp\htdocs\ukk_darrell\system\View\View.php(210): include()
#1 C:\xampp\htdocs\ukk_darrell\system\View\View.php(213): CodeIgniter\View\View->CodeIgniter\View\{closure}()
#2 C:\xampp\htdocs\ukk_darrell\system\Common.php(1089): CodeIgniter\View\View->render('partial/header_...', Array, true)
#3 C:\xampp\htdocs\ukk_darrell\app\Controllers\Data_website.php(19): view('partial/header_...', Array)
#4 C:\xampp\htdocs\ukk_darrell\system\CodeIgniter.php(832): App\Controllers\Data_website->index()
#5 C:\xampp\htdocs\ukk_darrell\system\CodeIgniter.php(419): CodeIgniter\CodeIgniter->runController(Object(App\Controllers\Data_website))
#6 C:\xampp\htdocs\ukk_darrell\system\CodeIgniter.php(326): CodeIgniter\CodeIgniter->handleRequest(NULL, Object(Config\Cache), false)
#7 C:\xampp\htdocs\ukk_darrell\public\index.php(37): CodeIgniter\CodeIgniter->run()
#8 C:\xampp\htdocs\ukk_darrell\system\Commands\Server\rewrite.php(43): require_once('C:\\xampp\\htdocs...')
#9 {main}
ERROR - 2024-02-27 22:42:04 --> Unknown column 'favicon_websites' in 'field list'
CRITICAL - 2024-02-27 22:42:04 --> Call to a member function getRow() on bool
#0 C:\xampp\htdocs\ukk_darrell\system\View\View.php(210): include()
#1 C:\xampp\htdocs\ukk_darrell\system\View\View.php(213): CodeIgniter\View\View->CodeIgniter\View\{closure}()
#2 C:\xampp\htdocs\ukk_darrell\system\Common.php(1089): CodeIgniter\View\View->render('partial/header_...', Array, true)
#3 C:\xampp\htdocs\ukk_darrell\app\Controllers\Data_website.php(19): view('partial/header_...', Array)
#4 C:\xampp\htdocs\ukk_darrell\system\CodeIgniter.php(832): App\Controllers\Data_website->index()
#5 C:\xampp\htdocs\ukk_darrell\system\CodeIgniter.php(419): CodeIgniter\CodeIgniter->runController(Object(App\Controllers\Data_website))
#6 C:\xampp\htdocs\ukk_darrell\system\CodeIgniter.php(326): CodeIgniter\CodeIgniter->handleRequest(NULL, Object(Config\Cache), false)
#7 C:\xampp\htdocs\ukk_darrell\public\index.php(37): CodeIgniter\CodeIgniter->run()
#8 C:\xampp\htdocs\ukk_darrell\system\Commands\Server\rewrite.php(43): require_once('C:\\xampp\\htdocs...')
#9 {main}
